<?xml version="1.0" encoding="UTF-8"?>
<!-- Generated by org.testng.reporters.JUnitReportReporter -->
<testsuite hostname="BerlinManickam" name="org.lloyds.LloydsProductSelection" tests="1" failures="0" timestamp="7 Oct 2023 22:40:02 GMT" time="7.279" errors="0">
  <testcase name="productSelection" time="7.279" classname="org.lloyds.LloydsProductSelection"/>
</testsuite> <!-- org.lloyds.LloydsProductSelection -->
