<?xml version="1.0" encoding="UTF-8"?>
<!-- Generated by org.testng.reporters.JUnitReportReporter -->
<testsuite hostname="BerlinManickam" name="org.lloyds.LloydsLoginValidation" tests="5" failures="0" timestamp="7 Oct 2023 22:40:02 GMT" time="11.213" errors="0">
  <testcase name="loginWithInvalidUserNameAndValidPassword" time="4.316" classname="org.lloyds.LloydsLoginValidation"/>
  <testcase name="loginWithValidUserNameAndValidPassword" time="1.106" classname="org.lloyds.LloydsLoginValidation"/>
  <testcase name="loginwithValidUserNameAndInvalidPassword" time="1.160" classname="org.lloyds.LloydsLoginValidation"/>
  <testcase name="createAccount" time="2.739" classname="org.lloyds.LloydsLoginValidation"/>
  <testcase name="forgotPassword" time="1.892" classname="org.lloyds.LloydsLoginValidation"/>
</testsuite> <!-- org.lloyds.LloydsLoginValidation -->
