<?xml version="1.0" encoding="UTF-8"?>
<!-- Generated by org.testng.reporters.JUnitReportReporter -->
<testsuite hostname="BerlinManickam" name="org.lloyds.LloydsTestNGProject" tests="5" failures="0" timestamp="11 Sep 2023 00:17:11 GMT" time="16.107" errors="0">
  <testcase name="loginWithInvalidUserNameAndValidPassword" time="5.362" classname="org.lloyds.LloydsTestNGProject"/>
  <testcase name="loginWithValidUserNameAndValidPassword" time="3.332" classname="org.lloyds.LloydsTestNGProject"/>
  <testcase name="forgotPassword" time="2.525" classname="org.lloyds.LloydsTestNGProject"/>
  <testcase name="createAccount" time="2.678" classname="org.lloyds.LloydsTestNGProject"/>
  <testcase name="loginwithValidUserNameAndInvalidPassword" time="2.210" classname="org.lloyds.LloydsTestNGProject"/>
</testsuite> <!-- org.lloyds.LloydsTestNGProject -->
